This is pdfTeX, Version 3.14159265-2.6-1.40.20 (TeX Live 2019/Debian) (preloaded format=pdflatex 2020.10.28)  1 MAY 2021 04:17
entering extended mode
 restricted \write18 enabled.
 %&-line parsing enabled.
**report.tex
(./report.tex
LaTeX2e <2020-02-02> patch level 2
L3 programming layer <2020-02-14>
(/usr/share/texlive/texmf-dist/tex/latex/base/article.cls
Document Class: article 2019/12/20 v1.4l Standard LaTeX document class
(/usr/share/texlive/texmf-dist/tex/latex/base/size10.clo
File: size10.clo 2019/12/20 v1.4l Standard LaTeX file (size option)
)
\c@part=\count167
\c@section=\count168
\c@subsection=\count169
\c@subsubsection=\count170
\c@paragraph=\count171
\c@subparagraph=\count172
\c@figure=\count173
\c@table=\count174
\abovecaptionskip=\skip47
\belowcaptionskip=\skip48
\bibindent=\dimen134
)
(/usr/share/texlive/texmf-dist/tex/latex/base/inputenc.sty
Package: inputenc 2018/08/11 v1.3c Input encoding file
\inpenc@prehook=\toks14
\inpenc@posthook=\toks15
)
(/usr/share/texlive/texmf-dist/tex/latex/base/fontenc.sty
Package: fontenc 2020/02/11 v2.0o Standard LaTeX package
)
(/usr/share/texlive/texmf-dist/tex/generic/babel/babel.sty
Package: babel 2020/02/14 3.40 The Babel package

(/usr/share/texlive/texmf-dist/tex/generic/babel/switch.def
File: switch.def 2020/02/14 3.40 Babel switching mechanism
)
(/usr/share/texlive/texmf-dist/tex/generic/babel-portuges/portuges.ldf
Language: portuges 2008/03/18 v1.2q Portuguese support from the babel system

(/usr/share/texlive/texmf-dist/tex/generic/babel/babel.def
File: babel.def 2020/02/14 3.40 Babel common definitions
\babel@savecnt=\count175
\U@D=\dimen135

(/usr/share/texlive/texmf-dist/tex/generic/babel/txtbabel.def)
\bbl@readstream=\read2
\bbl@dirlevel=\count176
)
Package babel Info: Making " an active character on input line 145.
))
(/usr/share/texlive/texmf-dist/tex/latex/xcolor/xcolor.sty
Package: xcolor 2016/05/11 v2.12 LaTeX color extensions (UK)

(/usr/share/texlive/texmf-dist/tex/latex/graphics-cfg/color.cfg
File: color.cfg 2016/01/02 v1.6 sample color configuration
)
Package xcolor Info: Driver file: pdftex.def on input line 225.

(/usr/share/texlive/texmf-dist/tex/latex/graphics-def/pdftex.def
File: pdftex.def 2018/01/08 v1.0l Graphics/color driver for pdftex
)
(/usr/share/texlive/texmf-dist/tex/latex/colortbl/colortbl.sty
Package: colortbl 2020/01/04 v1.0e Color table columns (DPC)

(/usr/share/texlive/texmf-dist/tex/latex/tools/array.sty
Package: array 2019/08/31 v2.4l Tabular extension package (FMi)
\col@sep=\dimen136
\ar@mcellbox=\box45
\extrarowheight=\dimen137
\NC@list=\toks16
\extratabsurround=\skip49
\backup@length=\skip50
\ar@cellbox=\box46
)
\everycr=\toks17
\minrowclearance=\skip51
)
\rownum=\count177
Package xcolor Info: Model `cmy' substituted by `cmy0' on input line 1348.
Package xcolor Info: Model `hsb' substituted by `rgb' on input line 1352.
Package xcolor Info: Model `RGB' extended on input line 1364.
Package xcolor Info: Model `HTML' substituted by `rgb' on input line 1366.
Package xcolor Info: Model `Hsb' substituted by `hsb' on input line 1367.
Package xcolor Info: Model `tHsb' substituted by `hsb' on input line 1368.
Package xcolor Info: Model `HSB' substituted by `hsb' on input line 1369.
Package xcolor Info: Model `Gray' substituted by `gray' on input line 1370.
Package xcolor Info: Model `wave' substituted by `hsb' on input line 1371.
)
(/usr/share/texlive/texmf-dist/tex/latex/graphics/graphicx.sty
Package: graphicx 2019/11/30 v1.2a Enhanced LaTeX Graphics (DPC,SPQR)

(/usr/share/texlive/texmf-dist/tex/latex/graphics/keyval.sty
Package: keyval 2014/10/28 v1.15 key=value parser (DPC)
\KV@toks@=\toks18
)
(/usr/share/texlive/texmf-dist/tex/latex/graphics/graphics.sty
Package: graphics 2019/11/30 v1.4a Standard LaTeX Graphics (DPC,SPQR)

(/usr/share/texlive/texmf-dist/tex/latex/graphics/trig.sty
Package: trig 2016/01/03 v1.10 sin cos tan (DPC)
)
(/usr/share/texlive/texmf-dist/tex/latex/graphics-cfg/graphics.cfg
File: graphics.cfg 2016/06/04 v1.11 sample graphics configuration
)
Package graphics Info: Driver file: pdftex.def on input line 105.
)
\Gin@req@height=\dimen138
\Gin@req@width=\dimen139
)
(/usr/share/texlive/texmf-dist/tex/latex/multirow/multirow.sty
Package: multirow 2019/05/31 v2.5 Span multiple rows of a table
\multirow@colwidth=\skip52
\multirow@cntb=\count178
\multirow@dima=\skip53
\bigstrutjot=\dimen140
)
(/usr/share/texlive/texmf-dist/tex/generic/soulutf8/soulutf8.sty
Package: soulutf8 2019/12/15 v1.2 Permit use of UTF-8 characters in soul (HO)

(/usr/share/texlive/texmf-dist/tex/latex/soul/soul.sty
Package: soul 2003/11/17 v2.4 letterspacing/underlining (mf)
\SOUL@word=\toks19
\SOUL@lasttoken=\toks20
\SOUL@cmds=\toks21
\SOUL@buffer=\toks22
\SOUL@token=\toks23
\SOUL@spaceskip=\skip54
\SOUL@ttwidth=\dimen141
\SOUL@uldp=\dimen142
\SOUL@ulht=\dimen143
)
(/usr/share/texlive/texmf-dist/tex/generic/infwarerr/infwarerr.sty
Package: infwarerr 2019/12/03 v1.5 Providing info/warning/error messages (HO)
)
(/usr/share/texlive/texmf-dist/tex/generic/etexcmds/etexcmds.sty
Package: etexcmds 2019/12/15 v1.7 Avoid name clashes with e-TeX commands (HO)

(/usr/share/texlive/texmf-dist/tex/generic/iftex/iftex.sty
Package: iftex 2019/11/07 v1.0c TeX engine tests
)))
(/usr/share/texlive/texmf-dist/tex/latex/makecell/makecell.sty
Package: makecell 2009/08/03 V0.1e Managing of Tab Column Heads and Cells
\rotheadsize=\dimen144
\c@nlinenum=\count179
\TeXr@lab=\toks24
)
(/usr/share/texlive/texmf-dist/tex/latex/hyperref/hyperref.sty
Package: hyperref 2020/01/14 v7.00d Hypertext links for LaTeX

(/usr/share/texlive/texmf-dist/tex/generic/ltxcmds/ltxcmds.sty
Package: ltxcmds 2019/12/15 v1.24 LaTeX kernel commands for general use (HO)
)
(/usr/share/texlive/texmf-dist/tex/latex/pdftexcmds/pdftexcmds.sty
Package: pdftexcmds 2019/11/24 v0.31 Utility functions of pdfTeX for LuaTeX (HO
)
Package pdftexcmds Info: \pdf@primitive is available.
Package pdftexcmds Info: \pdf@ifprimitive is available.
Package pdftexcmds Info: \pdfdraftmode found.
)
(/usr/share/texlive/texmf-dist/tex/generic/kvsetkeys/kvsetkeys.sty
Package: kvsetkeys 2019/12/15 v1.18 Key value parser (HO)
)
(/usr/share/texlive/texmf-dist/tex/generic/kvdefinekeys/kvdefinekeys.sty
Package: kvdefinekeys 2019-12-19 v1.6 Define keys (HO)
)
(/usr/share/texlive/texmf-dist/tex/generic/pdfescape/pdfescape.sty
Package: pdfescape 2019/12/09 v1.15 Implements pdfTeX's escape features (HO)
)
(/usr/share/texlive/texmf-dist/tex/latex/hycolor/hycolor.sty
Package: hycolor 2020-01-27 v1.10 Color options for hyperref/bookmark (HO)
)
(/usr/share/texlive/texmf-dist/tex/latex/letltxmacro/letltxmacro.sty
Package: letltxmacro 2019/12/03 v1.6 Let assignment for LaTeX macros (HO)
)
(/usr/share/texlive/texmf-dist/tex/latex/auxhook/auxhook.sty
Package: auxhook 2019-12-17 v1.6 Hooks for auxiliary files (HO)
)
(/usr/share/texlive/texmf-dist/tex/latex/kvoptions/kvoptions.sty
Package: kvoptions 2019/11/29 v3.13 Key value format for package options (HO)
)
\@linkdim=\dimen145
\Hy@linkcounter=\count180
\Hy@pagecounter=\count181

(/usr/share/texlive/texmf-dist/tex/latex/hyperref/pd1enc.def
File: pd1enc.def 2020/01/14 v7.00d Hyperref: PDFDocEncoding definition (HO)
Now handling font encoding PD1 ...
... no UTF-8 mapping file for font encoding PD1
)
(/usr/share/texlive/texmf-dist/tex/generic/intcalc/intcalc.sty
Package: intcalc 2019/12/15 v1.3 Expandable calculations with integers (HO)
)
\Hy@SavedSpaceFactor=\count182
\pdfmajorversion=\count183
Package hyperref Info: Hyper figures OFF on input line 4547.
Package hyperref Info: Link nesting OFF on input line 4552.
Package hyperref Info: Hyper index ON on input line 4555.
Package hyperref Info: Plain pages OFF on input line 4562.
Package hyperref Info: Backreferencing OFF on input line 4567.
Package hyperref Info: Implicit mode ON; LaTeX internals redefined.
Package hyperref Info: Bookmarks ON on input line 4800.
\c@Hy@tempcnt=\count184

(/usr/share/texlive/texmf-dist/tex/latex/url/url.sty
\Urlmuskip=\muskip16
Package: url 2013/09/16  ver 3.4  Verb mode for urls, etc.
)
LaTeX Info: Redefining \url on input line 5159.
\XeTeXLinkMargin=\dimen146

(/usr/share/texlive/texmf-dist/tex/generic/bitset/bitset.sty
Package: bitset 2019/12/09 v1.3 Handle bit-vector datatype (HO)

(/usr/share/texlive/texmf-dist/tex/generic/bigintcalc/bigintcalc.sty
Package: bigintcalc 2019/12/15 v1.5 Expandable calculations on big integers (HO
)
))
\Fld@menulength=\count185
\Field@Width=\dimen147
\Fld@charsize=\dimen148
Package hyperref Info: Hyper figures OFF on input line 6430.
Package hyperref Info: Link nesting OFF on input line 6435.
Package hyperref Info: Hyper index ON on input line 6438.
Package hyperref Info: backreferencing OFF on input line 6445.
Package hyperref Info: Link coloring OFF on input line 6450.
Package hyperref Info: Link coloring with OCG OFF on input line 6455.
Package hyperref Info: PDF/A mode OFF on input line 6460.
LaTeX Info: Redefining \ref on input line 6500.
LaTeX Info: Redefining \pageref on input line 6504.

(/usr/share/texlive/texmf-dist/tex/generic/atbegshi/atbegshi.sty
Package: atbegshi 2019/12/05 v1.19 At begin shipout hook (HO)
)
\Hy@abspage=\count186
\c@Item=\count187
\c@Hfootnote=\count188
)
Package hyperref Info: Driver: hpdftex.

(/usr/share/texlive/texmf-dist/tex/latex/hyperref/hpdftex.def
File: hpdftex.def 2020/01/14 v7.00d Hyperref driver for pdfTeX

(/usr/share/texlive/texmf-dist/tex/latex/atveryend/atveryend.sty
Package: atveryend 2019-12-11 v1.11 Hooks at the very end of document (HO)
Package atveryend Info: \enddocument detected (standard20110627).
)
\Fld@listcount=\count189
\c@bookmark@seq@number=\count190

(/usr/share/texlive/texmf-dist/tex/latex/rerunfilecheck/rerunfilecheck.sty
Package: rerunfilecheck 2019/12/05 v1.9 Rerun checks for auxiliary files (HO)

(/usr/share/texlive/texmf-dist/tex/generic/uniquecounter/uniquecounter.sty
Package: uniquecounter 2019/12/15 v1.4 Provide unlimited unique counter (HO)
)
Package uniquecounter Info: New unique counter `rerunfilecheck' on input line 2
86.
)
\Hy@SectionHShift=\skip55
)
(/usr/share/texlive/texmf-dist/tex/latex/caption/caption.sty
Package: caption 2020/01/03 v3.4h Customizing captions (AR)

(/usr/share/texlive/texmf-dist/tex/latex/caption/caption3.sty
Package: caption3 2020/01/03 v1.8h caption3 kernel (AR)
Package caption3 Info: TeX engine: e-TeX on input line 61.
\captionmargin=\dimen149
\captionmargin@=\dimen150
\captionwidth=\dimen151
\caption@tempdima=\dimen152
\caption@indent=\dimen153
\caption@parindent=\dimen154
\caption@hangindent=\dimen155
Package caption Info: Standard document class detected.
)
\c@caption@flags=\count191
\c@continuedfloat=\count192
Package caption Info: hyperref package is loaded.
)
(/usr/share/texlive/texmf-dist/tex/latex/l3backend/l3backend-pdfmode.def
File: l3backend-pdfmode.def 2020-02-03 L3 backend support: PDF mode
\l__kernel_color_stack_int=\count193
\l__pdf_internal_box=\box47
)
(./report.aux)
\openout1 = `report.aux'.

LaTeX Font Info:    Checking defaults for OML/cmm/m/it on input line 25.
LaTeX Font Info:    ... okay on input line 25.
LaTeX Font Info:    Checking defaults for OMS/cmsy/m/n on input line 25.
LaTeX Font Info:    ... okay on input line 25.
LaTeX Font Info:    Checking defaults for OT1/cmr/m/n on input line 25.
LaTeX Font Info:    ... okay on input line 25.
LaTeX Font Info:    Checking defaults for T1/cmr/m/n on input line 25.
LaTeX Font Info:    ... okay on input line 25.
LaTeX Font Info:    Checking defaults for TS1/cmr/m/n on input line 25.
LaTeX Font Info:    ... okay on input line 25.
LaTeX Font Info:    Checking defaults for OMX/cmex/m/n on input line 25.
LaTeX Font Info:    ... okay on input line 25.
LaTeX Font Info:    Checking defaults for U/cmr/m/n on input line 25.
LaTeX Font Info:    ... okay on input line 25.
LaTeX Font Info:    Checking defaults for PD1/pdf/m/n on input line 25.
LaTeX Font Info:    ... okay on input line 25.

(/usr/share/texlive/texmf-dist/tex/context/base/mkii/supp-pdf.mkii
[Loading MPS to PDF converter (version 2006.09.02).]
\scratchcounter=\count194
\scratchdimen=\dimen156
\scratchbox=\box48
\nofMPsegments=\count195
\nofMParguments=\count196
\everyMPshowfont=\toks25
\MPscratchCnt=\count197
\MPscratchDim=\dimen157
\MPnumerator=\count198
\makeMPintoPDFobject=\count199
\everyMPtoPDFconversion=\toks26
) (/usr/share/texlive/texmf-dist/tex/latex/epstopdf-pkg/epstopdf-base.sty
Package: epstopdf-base 2020-01-24 v2.11 Base part for package epstopdf
Package epstopdf-base Info: Redefining graphics rule for `.eps' on input line 4
85.

(/usr/share/texlive/texmf-dist/tex/latex/latexconfig/epstopdf-sys.cfg
File: epstopdf-sys.cfg 2010/07/13 v1.3 Configuration of (r)epstopdf for TeX Liv
e
))
\AtBeginShipoutBox=\box49
Package hyperref Info: Link coloring OFF on input line 25.

(/usr/share/texlive/texmf-dist/tex/latex/hyperref/nameref.sty
Package: nameref 2019/09/16 v2.46 Cross-referencing by name of section

(/usr/share/texlive/texmf-dist/tex/latex/refcount/refcount.sty
Package: refcount 2019/12/15 v3.6 Data extraction from label references (HO)
)
(/usr/share/texlive/texmf-dist/tex/generic/gettitlestring/gettitlestring.sty
Package: gettitlestring 2019/12/15 v1.6 Cleanup title references (HO)
)
\c@section@level=\count266
)
LaTeX Info: Redefining \ref on input line 25.
LaTeX Info: Redefining \pageref on input line 25.
LaTeX Info: Redefining \nameref on input line 25.

(./report.out) (./report.out)
\@outlinefile=\write3
\openout3 = `report.out'.

Package caption Info: Begin \AtBeginDocument code.
Package caption Info: End \AtBeginDocument code.
<images/um.png, id=52, 301.125pt x 273.02pt>
File: images/um.png Graphic file (type png)
<use images/um.png>
Package pdftex.def Info: images/um.png  used on input line 30.
(pdftex.def)             Requested size: 150.56212pt x 136.50966pt.

Underfull \hbox (badness 10000) in paragraph at lines 54--55

 []


Underfull \hbox (badness 10000) in paragraph at lines 56--59

 []

[1

{/var/lib/texmf/fonts/map/pdftex/updmap/pdftex.map} <./images/um.png>]
(./report.toc
LaTeX Font Info:    External font `cmex10' loaded for size
(Font)              <7> on input line 3.
LaTeX Font Info:    External font `cmex10' loaded for size
(Font)              <5> on input line 3.
)
\tf@toc=\write4
\openout4 = `report.toc'.

 [2]
<images/1a.png, id=85, 521.5485pt x 236.082pt>
File: images/1a.png Graphic file (type png)
<use images/1a.png>
Package pdftex.def Info: images/1a.png  used on input line 76.
(pdftex.def)             Requested size: 260.7736pt x 118.0407pt.


Package caption Warning: The option `hypcap=true' will be ignored for this
(caption)                particular \caption on input line 77.
See the caption package documentation for explanation.

<images/1bUminho.png, id=86, 308.352pt x 352.9185pt>
File: images/1bUminho.png Graphic file (type png)
<use images/1bUminho.png>
Package pdftex.def Info: images/1bUminho.png  used on input line 86.
(pdftex.def)             Requested size: 154.17561pt x 176.45882pt.

Package caption Warning: The option `hypcap=true' will be ignored for this
(caption)                particular \caption on input line 87.
See the caption package documentation for explanation.

<images/1bUbuntu.png, id=87, 310.15875pt x 313.77225pt>
File: images/1bUbuntu.png Graphic file (type png)
<use images/1bUbuntu.png>
Package pdftex.def Info: images/1bUbuntu.png  used on input line 91.
(pdftex.def)             Requested size: 155.079pt x 156.88573pt.

Package caption Warning: The option `hypcap=true' will be ignored for this
(caption)                particular \caption on input line 92.
See the caption package documentation for explanation.

[3 <./images/1a.png> <./images/1bUminho.png>]
Underfull \hbox (badness 10000) in paragraph at lines 95--103

 []


Overfull \hbox (2.66371pt too wide) in paragraph at lines 104--104
\T1/cmr/bx/n/10 Q: Quais os ser-vi-do-res de no-mes de-fi-ni-dos para os do-mí-
nios: ^^Psapo.pt.^^Q,
 []

<images/1cSapo.png, id=99, 335.45325pt x 311.36325pt>
File: images/1cSapo.png Graphic file (type png)
<use images/1cSapo.png>
Package pdftex.def Info: images/1cSapo.png  used on input line 109.
(pdftex.def)             Requested size: 201.27348pt x 186.81938pt.

Package caption Warning: The option `hypcap=true' will be ignored for this
(caption)                particular \caption on input line 110.
See the caption package documentation for explanation.

[4 <./images/1bUbuntu.png>]
<images/1cPt.png, id=106, 322.20375pt x 233.07076pt>
File: images/1cPt.png Graphic file (type png)
<use images/1cPt.png>
Package pdftex.def Info: images/1cPt.png  used on input line 114.
(pdftex.def)             Requested size: 193.32373pt x 139.84352pt.


Package caption Warning: The option `hypcap=true' will be ignored for this
(caption)                particular \caption on input line 115.
See the caption package documentation for explanation.

<images/1cRoot.png, id=107, 320.397pt x 272.217pt>
File: images/1cRoot.png Graphic file (type png)
<use images/1cRoot.png>
Package pdftex.def Info: images/1cRoot.png  used on input line 119.
(pdftex.def)             Requested size: 192.23967pt x 163.33144pt.

Package caption Warning: The option `hypcap=true' will be ignored for this
(caption)                particular \caption on input line 120.
See the caption package documentation for explanation.

[5 <./images/1cSapo.png> <./images/1cPt.png> <./images/1cRoot.png>]
<images/1d.png, id=118, 302.3295pt x 88.53075pt>
File: images/1d.png Graphic file (type png)
<use images/1d.png>
Package pdftex.def Info: images/1d.png  used on input line 128.
(pdftex.def)             Requested size: 302.32875pt x 88.5305pt.


Package caption Warning: The option `hypcap=true' will be ignored for this
(caption)                particular \caption on input line 129.
See the caption package documentation for explanation.

<images/1eHost.png, id=119, 374.5995pt x 22.8855pt>
File: images/1eHost.png Graphic file (type png)
<use images/1eHost.png>
Package pdftex.def Info: images/1eHost.png  used on input line 138.
(pdftex.def)             Requested size: 374.59859pt x 22.88544pt.

Package caption Warning: The option `hypcap=true' will be ignored for this
(caption)                particular \caption on input line 139.
See the caption package documentation for explanation.


Overfull \hbox (29.59859pt too wide) in paragraph at lines 138--139
 [] 
 []

<images/1eDig.png, id=120, 307.1475pt x 290.2845pt>
File: images/1eDig.png Graphic file (type png)
<use images/1eDig.png>
Package pdftex.def Info: images/1eDig.png  used on input line 144.
(pdftex.def)             Requested size: 307.14674pt x 290.28378pt.

Package caption Warning: The option `hypcap=true' will be ignored for this
(caption)                particular \caption on input line 145.
See the caption package documentation for explanation.

[6 <./images/1d.png> <./images/1eHost.png>] [7 <./images/1eDig.png>]
<images/authority.png, id=137, 643.40375pt x 803.0pt>
File: images/authority.png Graphic file (type png)
<use images/authority.png>
Package pdftex.def Info: images/authority.png  used on input line 155.
(pdftex.def)             Requested size: 321.70108pt x 401.49902pt.


Package caption Warning: The option `hypcap=true' will be ignored for this
(caption)                particular \caption on input line 156.
See the caption package documentation for explanation.

[8 <./images/authority.png>]
Overfull \hbox (14.60663pt too wide) in paragraph at lines 163--164
[] \T1/cmr/m/n/10 >> No caso do eu.eu., as men-sa-gens são en-tre-gues no ser-v
i-dor mxg.eu.mpssec.net. 
 []

<images/eu.eu.png, id=144, 349.305pt x 202.7575pt>
File: images/eu.eu.png Graphic file (type png)
<use images/eu.eu.png>
Package pdftex.def Info: images/eu.eu.png  used on input line 166.
(pdftex.def)             Requested size: 261.9781pt x 152.06775pt.

Package caption Warning: The option `hypcap=true' will be ignored for this
(caption)                particular \caption on input line 167.
See the caption package documentation for explanation.


Overfull \hbox (41.46118pt too wide) in paragraph at lines 171--172
[] \T1/cmr/m/n/10 >>Para 2021por-tu-gal.eu., as men-sa-gens são en-tre-gues nos
 ser-vi-do-res smtp01.level27.be.
 []

<images/2021portugal.eu.png, id=145, 367.3725pt x 386.44376pt>
File: images/2021portugal.eu.png Graphic file (type png)
<use images/2021portugal.eu.png>
Package pdftex.def Info: images/2021portugal.eu.png  used on input line 174.
(pdftex.def)             Requested size: 257.15898pt x 270.50877pt.

Package caption Warning: The option `hypcap=true' will be ignored for this
(caption)                particular \caption on input line 175.
See the caption package documentation for explanation.

<images/smt01-02.png, id=146, 355.3275pt x 383.4325pt>
File: images/smt01-02.png Graphic file (type png)
<use images/smt01-02.png>
Package pdftex.def Info: images/smt01-02.png  used on input line 179.
(pdftex.def)             Requested size: 248.72754pt x 268.40092pt.

Package caption Warning: The option `hypcap=true' will be ignored for this
(caption)                particular \caption on input line 180.
See the caption package documentation for explanation.

[9 <./images/eu.eu.png> <./images/2021portugal.eu.png>]
Overfull \hbox (20.21788pt too wide) in paragraph at lines 187--188
 \T1/cmr/bx/n/10 Con-se-gue in-ter-ro-gar o DNS so-bre o en-de-reço IPv6 2001:6
90:2080:8005::38
 []

[10 <./images/smt01-02.png>]
<images/SOA.png, id=161, 784.9325pt x 505.89pt>
File: images/SOA.png Graphic file (type png)
<use images/SOA.png>
Package pdftex.def Info: images/SOA.png  used on input line 199.
(pdftex.def)             Requested size: 392.46529pt x 252.94437pt.


Package caption Warning: The option `hypcap=true' will be ignored for this
(caption)                particular \caption on input line 200.
See the caption package documentation for explanation.


Overfull \hbox (47.46529pt too wide) in paragraph at lines 199--200
 [] 
 []

[11 <./images/SOA.png>]
Package atveryend Info: Empty hook `BeforeClearDocument' on input line 207.
 [12]
Package atveryend Info: Empty hook `AfterLastShipout' on input line 207.
 (./report.aux)
Package atveryend Info: Executing hook `AtVeryEndDocument' on input line 207.
Package atveryend Info: Executing hook `AtEndAfterFileList' on input line 207.
Package rerunfilecheck Info: File `report.out' has not changed.
(rerunfilecheck)             Checksum: CB7D4DF077E00F2213B883045F2386C3;647.
Package atveryend Info: Empty hook `AtVeryVeryEnd' on input line 207.
 ) 
Here is how much of TeX's memory you used:
 8212 strings out of 481239
 124575 string characters out of 5920376
 398950 words of memory out of 5000000
 23287 multiletter control sequences out of 15000+600000
 542931 words of font info for 39 fonts, out of 8000000 for 9000
 1141 hyphenation exceptions out of 8191
 41i,6n,42p,658b,519s stack positions out of 5000i,500n,10000p,200000b,80000s
 </home/raquel/.texlive2019/texmf-var/fonts/pk/ljfour/jknappen/ec/ecti1000.60
0pk> </home/raquel/.texlive2019/texmf-var/fonts/pk/ljfour/jknappen/ec/ecrm0900.
600pk> </home/raquel/.texlive2019/texmf-var/fonts/pk/ljfour/jknappen/ec/ecbx090
0.600pk> </home/raquel/.texlive2019/texmf-var/fonts/pk/ljfour/jknappen/ec/ecbx1
200.600pk> </home/raquel/.texlive2019/texmf-var/fonts/pk/ljfour/jknappen/ec/ecb
x1440.600pk> </home/raquel/.texlive2019/texmf-var/fonts/pk/ljfour/jknappen/ec/e
crm1000.600pk> </home/raquel/.texlive2019/texmf-var/fonts/pk/ljfour/jknappen/ec
/ecbx1000.600pk> </home/raquel/.texlive2019/texmf-var/fonts/pk/ljfour/jknappen/
ec/ecrm1200.600pk> </home/raquel/.texlive2019/texmf-var/fonts/pk/ljfour/jknappe
n/ec/tcbx1728.600pk> </home/raquel/.texlive2019/texmf-var/fonts/pk/ljfour/jknap
pen/ec/ecbx1728.600pk> </home/raquel/.texlive2019/texmf-var/fonts/pk/ljfour/jkn
appen/ec/ecrm2488.600pk> </home/raquel/.texlive2019/texmf-var/fonts/pk/ljfour/j
knappen/ec/ecrm1728.600pk>
Output written on report.pdf (12 pages, 959339 bytes).
PDF statistics:
 545 PDF objects out of 1000 (max. 8388607)
 178 compressed objects within 2 object streams
 40 named destinations out of 1000 (max. 500000)
 172 words of extra memory for PDF output out of 10000 (max. 10000000)

